build/app/intermediates/manifest_merge_blame_file/release/manifest-merger-blame-release-report.txt
1<?xml version="1.0" encoding="utf-8"?>
2<manifest xmlns:android="http://schemas.android.com/apk/res/android"
3    package="com.example.imc_calculator"
4    android:versionCode="1"
5    android:versionName="1.0.0" >
6
7    <uses-sdk
8        android:minSdkVersion="16"
8-->src/main/AndroidManifest.xml
9        android:targetSdkVersion="28" />
9-->src/main/AndroidManifest.xml
10
11    <uses-permission android:name="android.permission.INTERNET" />
11-->[:google_sign_in] AndroidManifest.xml:7:5-67
11-->[:google_sign_in] AndroidManifest.xml:7:22-64
12    <!--
13 io.flutter.app.FlutterApplication is an android.app.Application that
14         calls FlutterMain.startInitialization(this); in its onCreate method.
15         In most cases you can leave this as-is, but you if you want to provide
16         additional functionality it is fine to subclass or reimplement
17         FlutterApplication and put your custom class here.
18    -->
19    <application
19-->src/main/AndroidManifest.xml:8:5-29:19
20        android:name="io.flutter.app.FlutterApplication"
20-->src/main/AndroidManifest.xml:9:9-57
21        android:appComponentFactory="androidx.core.app.CoreComponentFactory"
21-->[androidx.core:core:1.0.0] AndroidManifest.xml:22:18-86
22        android:icon="@mipmap/ic_launcher"
22-->src/main/AndroidManifest.xml:11:9-43
23        android:label="imc_calculator" >
23-->src/main/AndroidManifest.xml:10:9-39
24        <activity
24-->src/main/AndroidManifest.xml:12:9-23:20
25            android:name="com.example.imc_calculator.MainActivity"
25-->src/main/AndroidManifest.xml:13:13-41
26            android:configChanges="orientation|keyboardHidden|keyboard|screenSize|smallestScreenSize|locale|layoutDirection|fontScale|screenLayout|density|uiMode"
26-->src/main/AndroidManifest.xml:16:13-163
27            android:hardwareAccelerated="true"
27-->src/main/AndroidManifest.xml:17:13-47
28            android:launchMode="singleTop"
28-->src/main/AndroidManifest.xml:14:13-43
29            android:theme="@style/LaunchTheme"
29-->src/main/AndroidManifest.xml:15:13-47
30            android:windowSoftInputMode="adjustResize" >
30-->src/main/AndroidManifest.xml:18:13-55
31            <intent-filter>
31-->src/main/AndroidManifest.xml:19:13-22:29
32                <action android:name="android.intent.action.MAIN" />
32-->src/main/AndroidManifest.xml:20:17-68
32-->src/main/AndroidManifest.xml:20:25-66
33
34                <category android:name="android.intent.category.LAUNCHER" />
34-->src/main/AndroidManifest.xml:21:17-76
34-->src/main/AndroidManifest.xml:21:27-74
35            </intent-filter>
36        </activity>
37        <!--
38             Don't delete the meta-data below.
39             This is used by the Flutter tool to generate GeneratedPluginRegistrant.java
40        -->
41        <meta-data
41-->src/main/AndroidManifest.xml:26:9-28:33
42            android:name="flutterEmbedding"
42-->src/main/AndroidManifest.xml:27:13-44
43            android:value="2" />
43-->src/main/AndroidManifest.xml:28:13-30
44
45        <service
45-->[:firebase_auth] AndroidManifest.xml:8:9-12:19
46            android:name="com.google.firebase.components.ComponentDiscoveryService"
46-->[:firebase_auth] AndroidManifest.xml:8:18-89
47            android:directBootAware="true"
47-->[com.google.firebase:firebase-common:19.3.0] AndroidManifest.xml:34:13-43
48            android:exported="false" >
48-->[com.google.firebase:firebase-auth:19.2.0] AndroidManifest.xml:35:13-37
49            <meta-data
49-->[:firebase_auth] AndroidManifest.xml:9:13-11:85
50                android:name="com.google.firebase.components:io.flutter.plugins.firebaseauth.FlutterFirebaseAppRegistrar"
50-->[:firebase_auth] AndroidManifest.xml:10:17-122
51                android:value="com.google.firebase.components.ComponentRegistrar" />
51-->[:firebase_auth] AndroidManifest.xml:11:17-82
52            <meta-data
52-->[:firebase_core] AndroidManifest.xml:9:13-11:85
53                android:name="com.google.firebase.components:io.flutter.plugins.firebase.core.FlutterFirebaseAppRegistrar"
53-->[:firebase_core] AndroidManifest.xml:10:17-123
54                android:value="com.google.firebase.components.ComponentRegistrar" />
54-->[:firebase_core] AndroidManifest.xml:11:17-82
55            <meta-data
55-->[com.google.firebase:firebase-auth:19.2.0] AndroidManifest.xml:36:13-38:85
56                android:name="com.google.firebase.components:com.google.firebase.auth.FirebaseAuthRegistrar"
56-->[com.google.firebase:firebase-auth:19.2.0] AndroidManifest.xml:37:17-109
57                android:value="com.google.firebase.components.ComponentRegistrar" />
57-->[com.google.firebase:firebase-auth:19.2.0] AndroidManifest.xml:38:17-82
58        </service>
59
60        <activity
60-->[com.google.firebase:firebase-auth:19.2.0] AndroidManifest.xml:24:9-31:50
61            android:name="com.google.firebase.auth.internal.FederatedSignInActivity"
61-->[com.google.firebase:firebase-auth:19.2.0] AndroidManifest.xml:25:13-85
62            android:excludeFromRecents="true"
62-->[com.google.firebase:firebase-auth:19.2.0] AndroidManifest.xml:26:13-46
63            android:exported="true"
63-->[com.google.firebase:firebase-auth:19.2.0] AndroidManifest.xml:27:13-36
64            android:launchMode="singleTask"
64-->[com.google.firebase:firebase-auth:19.2.0] AndroidManifest.xml:28:13-44
65            android:permission="com.google.firebase.auth.api.gms.permission.LAUNCH_FEDERATED_SIGN_IN"
65-->[com.google.firebase:firebase-auth:19.2.0] AndroidManifest.xml:29:13-102
66            android:theme="@android:style/Theme.Translucent.NoTitleBar" />
66-->[com.google.firebase:firebase-auth:19.2.0] AndroidManifest.xml:30:13-72
67        <activity
67-->[com.google.android.gms:play-services-auth:16.0.1] AndroidManifest.xml:23:9-27:75
68            android:name="com.google.android.gms.auth.api.signin.internal.SignInHubActivity"
68-->[com.google.android.gms:play-services-auth:16.0.1] AndroidManifest.xml:24:13-93
69            android:excludeFromRecents="true"
69-->[com.google.android.gms:play-services-auth:16.0.1] AndroidManifest.xml:25:13-46
70            android:exported="false"
70-->[com.google.android.gms:play-services-auth:16.0.1] AndroidManifest.xml:26:13-37
71            android:theme="@android:style/Theme.Translucent.NoTitleBar" />
71-->[com.google.android.gms:play-services-auth:16.0.1] AndroidManifest.xml:27:13-72
72        <!--
73            Service handling Google Sign-In user revocation. For apps that do not integrate with
74            Google Sign-In, this service will never be started.
75        -->
76        <service
76-->[com.google.android.gms:play-services-auth:16.0.1] AndroidManifest.xml:33:9-36:110
77            android:name="com.google.android.gms.auth.api.signin.RevocationBoundService"
77-->[com.google.android.gms:play-services-auth:16.0.1] AndroidManifest.xml:34:13-89
78            android:exported="true"
78-->[com.google.android.gms:play-services-auth:16.0.1] AndroidManifest.xml:35:13-36
79            android:permission="com.google.android.gms.auth.api.signin.permission.REVOCATION_NOTIFICATION" />
79-->[com.google.android.gms:play-services-auth:16.0.1] AndroidManifest.xml:36:13-107
80
81        <activity
81-->[com.google.android.gms:play-services-base:17.1.0] AndroidManifest.xml:23:9-26:75
82            android:name="com.google.android.gms.common.api.GoogleApiActivity"
82-->[com.google.android.gms:play-services-base:17.1.0] AndroidManifest.xml:24:13-79
83            android:exported="false"
83-->[com.google.android.gms:play-services-base:17.1.0] AndroidManifest.xml:25:13-37
84            android:theme="@android:style/Theme.Translucent.NoTitleBar" />
84-->[com.google.android.gms:play-services-base:17.1.0] AndroidManifest.xml:26:13-72
85
86        <provider
86-->[com.google.firebase:firebase-common:19.3.0] AndroidManifest.xml:26:9-30:39
87            android:name="com.google.firebase.provider.FirebaseInitProvider"
87-->[com.google.firebase:firebase-common:19.3.0] AndroidManifest.xml:27:13-77
88            android:authorities="com.example.imc_calculator.firebaseinitprovider"
88-->[com.google.firebase:firebase-common:19.3.0] AndroidManifest.xml:28:13-72
89            android:exported="false"
89-->[com.google.firebase:firebase-common:19.3.0] AndroidManifest.xml:29:13-37
90            android:initOrder="100" />
90-->[com.google.firebase:firebase-common:19.3.0] AndroidManifest.xml:30:13-36
91
92        <meta-data
92-->[com.google.android.gms:play-services-basement:17.0.0] AndroidManifest.xml:23:9-25:69
93            android:name="com.google.android.gms.version"
93-->[com.google.android.gms:play-services-basement:17.0.0] AndroidManifest.xml:24:13-58
94            android:value="@integer/google_play_services_version" />
94-->[com.google.android.gms:play-services-basement:17.0.0] AndroidManifest.xml:25:13-66
95    </application>
96
97</manifest>